# Logfile created on Wed Jun 06 14:49:28 +1000 2007 by logger.rb/1.5.2.9
[06/Jun/2007:14:49:28 :: 10654] starting
[06/Jun/2007:14:56:04 :: 10654] asked to terminate immediately
[06/Jun/2007:14:56:04 :: 10654] terminated by explicit exit
[06/Jun/2007:14:57:11 :: 11541] starting
[06/Jun/2007:16:06:04 :: 11541] asked to terminate immediately
[06/Jun/2007:16:06:04 :: 11541] terminated by explicit exit
[06/Jun/2007:16:06:16 :: 18554] starting
[07/Jun/2007:09:54:46 :: 18554] asked to terminate immediately
[07/Jun/2007:09:54:46 :: 18554] terminated by explicit exit
[07/Jun/2007:10:29:54 :: 20376] starting
[07/Jun/2007:11:24:55 :: 20376] asked to terminate immediately
[07/Jun/2007:11:24:55 :: 20376] terminated by explicit exit
[07/Jun/2007:11:25:08 :: 25503] starting
[07/Jun/2007:12:00:56 :: 25503] asked to terminate immediately
[07/Jun/2007:12:01:06 :: 25503] asked to terminate immediately
[07/Jun/2007:12:01:06 :: 25503] asked to terminate immediately
[07/Jun/2007:12:01:06 :: 25503] asked to terminate immediately
[07/Jun/2007:12:01:31 :: 29160] starting
[07/Jun/2007:12:41:04 :: 29160] asked to terminate immediately
[07/Jun/2007:12:41:04 :: 29160] terminated by explicit exit
[07/Jun/2007:12:41:09 :: 520] starting
[07/Jun/2007:15:20:40 :: 520] asked to terminate immediately
[07/Jun/2007:15:20:40 :: 520] terminated by explicit exit
[07/Jun/2007:15:20:51 :: 16034] starting
[07/Jun/2007:20:43:45 :: 16034] asked to terminate immediately
[07/Jun/2007:20:43:45 :: 16034] terminated by explicit exit
[07/Jun/2007:20:43:57 :: 10767] starting
[08/Jun/2007:23:22:23 :: 6158] starting
[09/Jun/2007:12:22:49 :: 6158] asked to terminate immediately
[09/Jun/2007:12:22:49 :: 6158] terminated by explicit exit
[12/Jun/2007:14:15:32 :: 8106] starting
[12/Jun/2007:14:17:39 :: 8106] asked to terminate immediately
[12/Jun/2007:14:17:39 :: 8106] terminated by explicit exit
[14/Jun/2007:14:32:22 :: 29189] starting
[14/Jun/2007:14:54:59 :: 29189] asked to terminate immediately
[14/Jun/2007:14:54:59 :: 29189] terminated by explicit exit
[14/Jun/2007:14:55:04 :: 31898] starting
[14/Jun/2007:16:26:14 :: 31898] asked to terminate immediately
[14/Jun/2007:16:26:15 :: 31898] asked to terminate immediately
[14/Jun/2007:16:26:15 :: 31898] terminated by explicit exit
[14/Jun/2007:16:30:37 :: 8709] starting
[14/Jun/2007:17:49:51 :: 8709] asked to terminate immediately
[14/Jun/2007:17:49:51 :: 8709] terminated by explicit exit
[18/Jun/2007:14:32:34 :: 31080] starting
[18/Jun/2007:17:24:45 :: 31080] asked to terminate immediately
[18/Jun/2007:17:24:45 :: 31080] terminated by explicit exit
[25/Jun/2007:10:02:57 :: 12765] starting
[25/Jun/2007:15:46:26 :: 12765] asked to terminate immediately
[25/Jun/2007:15:46:26 :: 12765] terminated by explicit exit
[25/Jun/2007:15:46:35 :: 27390] starting
[25/Jun/2007:15:47:23 :: 27390] asked to terminate immediately
[25/Jun/2007:15:47:23 :: 27390] terminated by explicit exit
[25/Jun/2007:16:18:57 :: 8015] starting
[26/Jun/2007:14:03:32 :: 21319] starting
[26/Jun/2007:15:58:15 :: 21319] asked to terminate immediately
[26/Jun/2007:15:58:15 :: 21319] terminated by explicit exit
[26/Jun/2007:15:58:21 :: 2041] starting
[26/Jun/2007:15:59:25 :: 2041] asked to terminate immediately
[26/Jun/2007:15:59:25 :: 2041] asked to terminate immediately
[26/Jun/2007:15:59:25 :: 2041] terminated by explicit exit
[26/Jun/2007:15:59:29 :: 2176] starting
[26/Jun/2007:16:02:09 :: 2176] asked to terminate immediately
[26/Jun/2007:16:02:11 :: 2176] asked to terminate immediately
[26/Jun/2007:16:02:11 :: 2176] terminated by explicit exit
[26/Jun/2007:16:02:16 :: 2574] starting
[26/Jun/2007:16:02:56 :: 2574] asked to terminate immediately
[26/Jun/2007:16:02:58 :: 2574] asked to terminate immediately
[26/Jun/2007:16:02:58 :: 2574] asked to terminate immediately
[26/Jun/2007:16:02:58 :: 2574] asked to terminate immediately
[26/Jun/2007:16:11:20 :: 4778] starting
[26/Jun/2007:16:14:47 :: 4778] asked to terminate immediately
[26/Jun/2007:16:14:47 :: 4778] asked to terminate immediately
[26/Jun/2007:16:14:47 :: 4778] asked to terminate immediately
[26/Jun/2007:16:14:48 :: 4778] asked to terminate immediately
[26/Jun/2007:16:14:52 :: 5156] starting
[26/Jun/2007:16:15:28 :: 5156] asked to terminate immediately
[26/Jun/2007:16:15:29 :: 5156] asked to terminate immediately
[26/Jun/2007:16:15:29 :: 5156] asked to terminate immediately
[26/Jun/2007:16:15:29 :: 5156] asked to terminate immediately
[26/Jun/2007:16:15:33 :: 5235] starting
[26/Jun/2007:16:16:11 :: 5235] asked to terminate immediately
[26/Jun/2007:16:16:11 :: 5235] asked to terminate immediately
[26/Jun/2007:16:16:11 :: 5235] asked to terminate immediately
[26/Jun/2007:16:16:11 :: 5235] Dispatcher failed to catch: exit (SystemExit)
  /usr/lib/ruby/gems/1.8/gems/rails-1.2.3/lib/fcgi_handler.rb:116:in `exit'
  /usr/lib/ruby/gems/1.8/gems/rails-1.2.3/lib/fcgi_handler.rb:116:in `exit_now_handler'
  /usr/lib/ruby/gems/1.8/gems/activesupport-1.4.2/lib/active_support/inflector.rb:250:in `to_proc'
  /usr/lib/ruby/gems/1.8/gems/activesupport-1.4.2/lib/active_support/core_ext/module/inclusion.rb:4:in `call'
  /usr/lib/ruby/gems/1.8/gems/activesupport-1.4.2/lib/active_support/core_ext/module/inclusion.rb:4:in `included_in_classes'
  /usr/lib/ruby/gems/1.8/gems/activesupport-1.4.2/lib/active_support/core_ext/module/inclusion.rb:4:in `each_object'
  /usr/lib/ruby/gems/1.8/gems/activesupport-1.4.2/lib/active_support/core_ext/module/inclusion.rb:4:in `included_in_classes'
  /usr/lib/ruby/gems/1.8/gems/activesupport-1.4.2/lib/active_support/reloadable.rb:28:in `reloadable_classes_without_deprecation'
  /usr/lib/ruby/gems/1.8/gems/activesupport-1.4.2/lib/active_support/deprecation.rb:44:in `silence'
  /usr/lib/ruby/gems/1.8/gems/activesupport-1.4.2/lib/active_support/reloadable.rb:27:in `reloadable_classes_without_deprecation'
  /usr/lib/ruby/gems/1.8/gems/activesupport-1.4.2/lib/active_support/deprecation.rb:94:in `reloadable_classes'
  /usr/lib/ruby/gems/1.8/gems/rails-1.2.3/lib/dispatcher.rb:62:in `reset_application!'
  /usr/lib/ruby/gems/1.8/gems/activesupport-1.4.2/lib/active_support/deprecation.rb:44:in `silence'
  /usr/lib/ruby/gems/1.8/gems/rails-1.2.3/lib/dispatcher.rb:61:in `reset_application!'
  /usr/lib/ruby/gems/1.8/gems/rails-1.2.3/lib/dispatcher.rb:116:in `reset_after_dispatch'
  /usr/lib/ruby/gems/1.8/gems/rails-1.2.3/lib/dispatcher.rb:51:in `dispatch'
  /usr/lib/ruby/gems/1.8/gems/rails-1.2.3/lib/fcgi_handler.rb:168:in `process_request'
  /usr/lib/ruby/gems/1.8/gems/rails-1.2.3/lib/fcgi_handler.rb:143:in `process_each_request!'
  /usr/lib/ruby/gems/1.8/gems/rails-1.2.3/lib/fcgi_handler.rb:109:in `with_signal_handler'
  /usr/lib/ruby/gems/1.8/gems/rails-1.2.3/lib/fcgi_handler.rb:142:in `process_each_request!'
  /usr/lib/ruby/1.8/fcgi.rb:612:in `each_cgi'
  /usr/lib/ruby/1.8/fcgi.rb:609:in `each'
  /usr/lib/ruby/1.8/fcgi.rb:609:in `each_cgi'
  /usr/lib/ruby/gems/1.8/gems/rails-1.2.3/lib/fcgi_handler.rb:141:in `process_each_request!'
  /usr/lib/ruby/gems/1.8/gems/rails-1.2.3/lib/fcgi_handler.rb:55:in `process!'
  /usr/lib/ruby/gems/1.8/gems/rails-1.2.3/lib/fcgi_handler.rb:25:in `process!'
  /home/auxesis/code/epilog/code/epilog_rails/public/dispatch.fcgi:24

[26/Jun/2007:16:16:15 :: 5318] starting
[26/Jun/2007:16:18:17 :: 5318] asked to terminate immediately
[26/Jun/2007:16:18:17 :: 5318] terminated by explicit exit
[26/Jun/2007:16:18:22 :: 5542] starting
